<?xml version="1.0"?><coverage lines-covered="2778" lines-valid="4817" line-rate="0.5767074942910525" branches-covered="0" branches-valid="0" branch-rate="0" complexity="0" version="1.9" timestamp="1676346336"><sources><source>/Users/bebel/heliax/masp</source></sources><packages><package name="masp_proofs/src" line-rate="0.4716394716394716" branch-rate="0" complexity="0"><classes><class name="constants" filename="masp_proofs/src/constants.rs" line-rate="0.9523809523809523" branch-rate="0" complexity="0"><methods/><lines><line number="67" hits="5"/><line number="68" hits="5"/><line number="70" hits="425"/><line number="71" hits="420"/><line number="72" hits="420"/><line number="73" hits="6300"/><line number="74" hits="2940"/><line number="75" hits="2940"/><line number="76" hits="2940"/><line number="78" hits="420"/><line number="80" hits="420"/><line number="81" hits="420"/><line number="84" hits="5"/><line number="90" hits="1912"/><line number="91" hits="1912"/><line number="92" hits="1912"/><line number="94" hits="1912"/><line number="97" hits="0"/><line number="108" hits="1912"/><line number="112" hits="0"/><line number="120" hits="1912"/><line number="121" hits="1912"/><line number="123" hits="1912"/><line number="124" hits="1912"/><line number="125" hits="1912"/><line number="132" hits="1"/><line number="133" hits="1"/><line number="134" hits="1"/><line number="137" hits="7"/><line number="138" hits="6"/><line number="140" hits="384"/><line number="142" hits="378"/><line number="143" hits="378"/><line number="146" hits="3402"/><line number="147" hits="1512"/><line number="148" hits="1512"/><line number="149" hits="1512"/><line number="151" hits="1512"/><line number="153" hits="378"/><line number="156" hits="3402"/><line number="157" hits="1512"/><line number="161" hits="6"/></lines></class><class name="downloadreader" filename="masp_proofs/src/downloadreader.rs" line-rate="0" branch-rate="0" complexity="0"><methods/><lines><line number="13" hits="0"/><line number="14" hits="0"/><line number="19" hits="0"/><line number="20" hits="0"/><line number="25" hits="0"/><line number="28" hits="0"/><line number="29" hits="0"/><line number="30" hits="0"/><line number="33" hits="0"/><line number="34" hits="0"/><line number="36" hits="0"/><line number="37" hits="0"/><line number="38" hits="0"/><line number="39" hits="0"/><line number="41" hits="0"/><line number="46" hits="0"/><line number="47" hits="0"/><line number="48" hits="0"/><line number="50" hits="0"/><line number="51" hits="0"/><line number="56" hits="0"/><line number="57" hits="0"/><line number="61" hits="0"/><line number="62" hits="0"/><line number="64" hits="0"/><line number="65" hits="0"/><line number="70" hits="0"/><line number="73" hits="0"/><line number="74" hits="0"/><line number="76" hits="0"/><line number="78" hits="0"/></lines></class><class name="hashreader" filename="masp_proofs/src/hashreader.rs" line-rate="0" branch-rate="0" complexity="0"><methods/><lines><line number="19" hits="0"/><line number="22" hits="0"/><line number="28" hits="0"/><line number="29" hits="0"/><line number="31" hits="0"/><line number="32" hits="0"/><line number="33" hits="0"/><line number="36" hits="0"/><line number="40" hits="0"/><line number="41" hits="0"/><line number="46" hits="0"/><line number="47" hits="0"/><line number="49" hits="0"/><line number="50" hits="0"/><line number="51" hits="0"/><line number="54" hits="0"/></lines></class><class name="lib" filename="masp_proofs/src/lib.rs" line-rate="0" branch-rate="0" complexity="0"><methods/><lines><line number="80" hits="0"/><line number="81" hits="0"/><line number="82" hits="0"/><line number="83" hits="0"/><line number="85" hits="0"/><line number="101" hits="0"/><line number="102" hits="0"/><line number="104" hits="0"/><line number="105" hits="0"/><line number="106" hits="0"/><line number="107" hits="0"/><line number="110" hits="0"/><line number="111" hits="0"/><line number="112" hits="0"/><line number="113" hits="0"/><line number="116" hits="0"/><line number="117" hits="0"/><line number="118" hits="0"/><line number="119" hits="0"/><line number="129" hits="0"/><line number="136" hits="0"/><line number="137" hits="0"/><line number="139" hits="0"/><line number="141" hits="0"/><line number="143" hits="0"/><line number="144" hits="0"/><line number="145" hits="0"/><line number="147" hits="0"/><line number="148" hits="0"/><line number="149" hits="0"/><line number="150" hits="0"/><line number="151" hits="0"/><line number="154" hits="0"/><line number="155" hits="0"/><line number="156" hits="0"/><line number="157" hits="0"/><line number="165" hits="0"/><line number="167" hits="0"/><line number="168" hits="0"/><line number="175" hits="0"/><line number="176" hits="0"/><line number="177" hits="0"/><line number="180" hits="0"/><line number="181" hits="0"/><line number="182" hits="0"/><line number="183" hits="0"/><line number="184" hits="0"/><line number="185" hits="0"/><line number="189" hits="0"/><line number="197" hits="0"/><line number="208" hits="0"/><line number="209" hits="0"/><line number="211" hits="0"/><line number="213" hits="0"/><line number="214" hits="0"/><line number="215" hits="0"/><line number="216" hits="0"/><line number="217" hits="0"/><line number="218" hits="0"/><line number="220" hits="0"/><line number="222" hits="0"/><line number="223" hits="0"/><line number="224" hits="0"/><line number="229" hits="0"/><line number="230" hits="0"/><line number="232" hits="0"/><line number="233" hits="0"/><line number="234" hits="0"/><line number="236" hits="0"/><line number="237" hits="0"/><line number="238" hits="0"/><line number="241" hits="0"/><line number="242" hits="0"/><line number="243" hits="0"/><line number="244" hits="0"/><line number="245" hits="0"/><line number="246" hits="0"/><line number="249" hits="0"/><line number="266" hits="0"/><line number="271" hits="0"/><line number="273" hits="0"/><line number="274" hits="0"/><line number="276" hits="0"/><line number="284" hits="0"/><line number="285" hits="0"/><line number="287" hits="0"/><line number="294" hits="0"/><line number="295" hits="0"/><line number="297" hits="0"/><line number="303" hits="0"/><line number="304" hits="0"/><line number="305" hits="0"/><line number="306" hits="0"/><line number="309" hits="0"/><line number="310" hits="0"/><line number="311" hits="0"/><line number="318" hits="0"/><line number="319" hits="0"/><line number="320" hits="0"/><line number="321" hits="0"/><line number="323" hits="0"/><line number="324" hits="0"/><line number="326" hits="0"/><line number="328" hits="0"/><line number="331" hits="0"/><line number="332" hits="0"/><line number="333" hits="0"/><line number="334" hits="0"/><line number="335" hits="0"/><line number="337" hits="0"/><line number="338" hits="0"/><line number="340" hits="0"/><line number="341" hits="0"/><line number="342" hits="0"/><line number="343" hits="0"/><line number="344" hits="0"/><line number="353" hits="0"/><line number="354" hits="0"/><line number="355" hits="0"/><line number="356" hits="0"/><line number="357" hits="0"/><line number="366" hits="0"/><line number="367" hits="0"/><line number="368" hits="0"/><line number="369" hits="0"/><line number="370" hits="0"/><line number="378" hits="0"/><line number="379" hits="0"/><line number="380" hits="0"/><line number="381" hits="0"/><line number="397" hits="0"/><line number="403" hits="0"/><line number="405" hits="0"/><line number="406" hits="0"/><line number="407" hits="0"/><line number="408" hits="0"/><line number="409" hits="0"/><line number="410" hits="0"/><line number="411" hits="0"/><line number="412" hits="0"/><line number="417" hits="0"/><line number="427" hits="0"/><line number="435" hits="0"/><line number="437" hits="0"/><line number="438" hits="0"/><line number="439" hits="0"/><line number="440" hits="0"/><line number="441" hits="0"/><line number="442" hits="0"/><line number="443" hits="0"/><line number="444" hits="0"/><line number="445" hits="0"/><line number="446" hits="0"/><line number="447" hits="0"/><line number="448" hits="0"/><line number="449" hits="0"/><line number="454" hits="0"/><line number="455" hits="0"/><line number="456" hits="0"/><line number="457" hits="0"/><line number="458" hits="0"/><line number="459" hits="0"/><line number="460" hits="0"/><line number="461" hits="0"/><line number="462" hits="0"/><line number="463" hits="0"/><line number="468" hits="0"/></lines></class><class name="prover" filename="masp_proofs/src/prover.rs" line-rate="0" branch-rate="0" complexity="0"><methods/><lines><line number="55" hits="0"/><line number="56" hits="0"/><line number="58" hits="0"/><line number="59" hits="0"/><line number="60" hits="0"/><line number="61" hits="0"/><line number="62" hits="0"/><line number="81" hits="0"/><line number="86" hits="0"/><line number="89" hits="0"/><line number="90" hits="0"/><line number="91" hits="0"/><line number="92" hits="0"/><line number="93" hits="0"/><line number="120" hits="0"/><line number="121" hits="0"/><line number="122" hits="0"/><line number="124" hits="0"/><line number="125" hits="0"/><line number="126" hits="0"/><line number="129" hits="0"/><line number="131" hits="0"/><line number="132" hits="0"/><line number="135" hits="0"/><line number="159" hits="0"/><line number="160" hits="0"/><line number="163" hits="0"/><line number="175" hits="0"/><line number="176" hits="0"/><line number="177" hits="0"/><line number="178" hits="0"/><line number="179" hits="0"/><line number="180" hits="0"/><line number="181" hits="0"/><line number="182" hits="0"/><line number="183" hits="0"/><line number="184" hits="0"/><line number="185" hits="0"/><line number="188" hits="0"/><line number="189" hits="0"/><line number="190" hits="0"/><line number="193" hits="0"/><line number="196" hits="0"/><line number="205" hits="0"/><line number="206" hits="0"/><line number="207" hits="0"/><line number="208" hits="0"/><line number="209" hits="0"/><line number="210" hits="0"/><line number="211" hits="0"/><line number="214" hits="0"/><line number="215" hits="0"/><line number="216" hits="0"/><line number="219" hits="0"/><line number="222" hits="0"/><line number="230" hits="0"/><line number="231" hits="0"/><line number="232" hits="0"/><line number="233" hits="0"/><line number="234" hits="0"/><line number="235" hits="0"/><line number="236" hits="0"/><line number="239" hits="0"/><line number="240" hits="0"/><line number="241" hits="0"/><line number="244" hits="0"/><line number="247" hits="0"/><line number="253" hits="0"/></lines></class></classes></package><package name="masp_proofs/examples" line-rate="0" branch-rate="0" complexity="0"><classes></classes></package><package name="masp_primitives/src/transaction" line-rate="0.44881889763779526" branch-rate="0" complexity="0"><classes><class name="builder" filename="masp_primitives/src/transaction/builder.rs" line-rate="0.6134453781512605" branch-rate="0" complexity="0"><methods/><lines><line number="60" hits="0"/><line number="61" hits="0"/><line number="62" hits="0"/><line number="63" hits="0"/><line number="65" hits="0"/><line number="67" hits="0"/><line number="68" hits="0"/><line number="70" hits="0"/><line number="72" hits="0"/><line number="73" hits="0"/><line number="74" hits="0"/><line number="75" hits="0"/><line number="83" hits="0"/><line number="84" hits="0"/><line number="97" hits="0"/><line number="104" hits="0"/><line number="105" hits="0"/><line number="112" hits="0"/><line number="113" hits="0"/><line number="130" hits="0"/><line number="131" hits="0"/><line number="135" hits="0"/><line number="136" hits="0"/><line number="141" hits="0"/><line number="142" hits="0"/><line number="147" hits="0"/><line number="148" hits="0"/><line number="153" hits="0"/><line number="154" hits="0"/><line number="159" hits="0"/><line number="160" hits="0"/><line number="172" hits="8"/><line number="173" hits="8"/><line number="185" hits="8"/><line number="186" hits="8"/><line number="195" hits="8"/><line number="197" hits="8"/><line number="200" hits="8"/><line number="201" hits="8"/><line number="202" hits="8"/><line number="211" hits="4"/><line number="218" hits="4"/><line number="219" hits="4"/><line number="223" hits="4"/><line number="231" hits="4"/><line number="232" hits="1"/><line number="234" hits="3"/><line number="235" hits="3"/><line number="241" hits="0"/><line number="245" hits="0"/><line number="249" hits="5"/><line number="255" hits="9"/><line number="256" hits="1"/><line number="259" hits="4"/><line number="268" hits="0"/><line number="269" hits="0"/><line number="273" hits="6"/><line number="274" hits="6"/><line number="275" hits="6"/><line number="276" hits="6"/><line number="279" hits="6"/><line number="286" hits="6"/><line number="291" hits="12"/><line number="293" hits="6"/><line number="294" hits="6"/><line number="295" hits="6"/><line number="296" hits="6"/><line number="297" hits="6"/><line number="299" hits="6"/><line number="300" hits="6"/><line number="303" hits="6"/><line number="308" hits="6"/><line number="310" hits="6"/><line number="311" hits="6"/><line number="318" hits="18"/><line number="320" hits="6"/><line number="321" hits="4"/><line number="324" hits="2"/><line number="326" hits="2"/><line number="327" hits="2"/><line number="328" hits="4"/><line number="329" hits="2"/><line number="331" hits="2"/><line number="332" hits="2"/><line number="333" hits="2"/><line number="334" hits="2"/><line number="335" hits="2"/><line number="337" hits="2"/><line number="341" hits="2"/><line number="343" hits="2"/><line number="349" hits="2"/><line number="351" hits="2"/><line number="353" hits="2"/><line number="354" hits="2"/><line number="356" hits="6"/><line number="358" hits="2"/><line number="359" hits="2"/><line number="360" hits="2"/><line number="361" hits="2"/><line number="362" hits="2"/><line number="364" hits="2"/><line number="365" hits="2"/><line number="366" hits="4"/><line number="367" hits="2"/><line number="369" hits="2"/><line number="370" hits="4"/><line number="372" hits="0"/><line number="373" hits="0"/><line number="377" hits="0"/><line number="378" hits="0"/><line number="379" hits="0"/><line number="380" hits="0"/><line number="385" hits="0"/><line number="386" hits="0"/><line number="387" hits="0"/><line number="413" hits="0"/><line number="414" hits="0"/><line number="417" hits="6"/><line number="418" hits="6"/></lines></class><class name="sighash" filename="masp_primitives/src/transaction/sighash.rs" line-rate="0.5555555555555556" branch-rate="0" complexity="0"><methods/><lines><line number="35" hits="0"/><line number="36" hits="0"/><line number="37" hits="0"/><line number="38" hits="0"/><line number="46" hits="2"/><line number="47" hits="2"/><line number="65" hits="2"/><line number="74" hits="2"/><line number="75" hits="2"/></lines></class><class name="sighash_v5" filename="masp_primitives/src/transaction/sighash_v5.rs" line-rate="0.9473684210526315" branch-rate="0" complexity="0"><methods/><lines><line number="11" hits="2"/><line number="15" hits="2"/><line number="17" hits="0"/><line number="19" hits="2"/><line number="24" hits="2"/><line number="32" hits="2"/><line number="33" hits="2"/><line number="34" hits="2"/><line number="35" hits="2"/><line number="36" hits="2"/><line number="40" hits="2"/><line number="41" hits="2"/><line number="42" hits="2"/><line number="43" hits="2"/><line number="44" hits="2"/><line number="45" hits="2"/><line number="46" hits="2"/><line number="47" hits="2"/><line number="49" hits="2"/></lines></class><class name="txid" filename="masp_primitives/src/transaction/txid.rs" line-rate="0.6742424242424242" branch-rate="0" complexity="0"><methods/><lines><line number="45" hits="26"/><line number="46" hits="26"/><line number="53" hits="2"/><line number="54" hits="2"/><line number="55" hits="8"/><line number="56" hits="2"/><line number="58" hits="2"/><line number="65" hits="2"/><line number="66" hits="2"/><line number="67" hits="2"/><line number="68" hits="0"/><line number="70" hits="2"/><line number="80" hits="2"/><line number="83" hits="2"/><line number="84" hits="2"/><line number="85" hits="2"/><line number="86" hits="2"/><line number="87" hits="11"/><line number="88" hits="3"/><line number="89" hits="3"/><line number="91" hits="3"/><line number="92" hits="3"/><line number="93" hits="3"/><line number="96" hits="2"/><line number="97" hits="2"/><line number="98" hits="2"/><line number="99" hits="2"/><line number="101" hits="2"/><line number="112" hits="2"/><line number="115" hits="2"/><line number="116" hits="2"/><line number="117" hits="2"/><line number="118" hits="2"/><line number="119" hits="2"/><line number="120" hits="14"/><line number="121" hits="4"/><line number="122" hits="4"/><line number="123" hits="4"/><line number="125" hits="4"/><line number="127" hits="4"/><line number="128" hits="4"/><line number="129" hits="4"/><line number="132" hits="2"/><line number="133" hits="2"/><line number="134" hits="2"/><line number="136" hits="2"/><line number="141" hits="2"/><line number="145" hits="2"/><line number="146" hits="2"/><line number="150" hits="2"/><line number="157" hits="2"/><line number="159" hits="2"/><line number="160" hits="2"/><line number="162" hits="2"/><line number="164" hits="2"/><line number="165" hits="2"/><line number="167" hits="2"/><line number="171" hits="2"/><line number="174" hits="2"/><line number="175" hits="6"/><line number="176" hits="2"/><line number="177" hits="2"/><line number="179" hits="2"/><line number="183" hits="2"/><line number="188" hits="2"/><line number="189" hits="4"/><line number="190" hits="2"/><line number="193" hits="2"/><line number="196" hits="2"/><line number="198" hits="2"/><line number="201" hits="0"/><line number="202" hits="0"/><line number="221" hits="2"/><line number="228" hits="2"/><line number="231" hits="2"/><line number="235" hits="2"/><line number="238" hits="2"/><line number="242" hits="2"/><line number="245" hits="2"/><line number="259" hits="2"/><line number="266" hits="2"/><line number="267" hits="2"/><line number="268" hits="2"/><line number="269" hits="2"/><line number="272" hits="2"/><line number="273" hits="2"/><line number="274" hits="2"/><line number="275" hits="2"/><line number="276" hits="2"/><line number="277" hits="2"/><line number="278" hits="2"/><line number="282" hits="2"/><line number="285" hits="0"/><line number="291" hits="0"/><line number="292" hits="0"/><line number="293" hits="0"/><line number="294" hits="0"/><line number="295" hits="0"/><line number="298" hits="0"/><line number="316" hits="0"/><line number="323" hits="0"/><line number="326" hits="0"/><line number="330" hits="0"/><line number="331" hits="0"/><line number="332" hits="0"/><line number="333" hits="0"/><line number="334" hits="0"/><line number="335" hits="0"/><line number="338" hits="0"/><line number="341" hits="0"/><line number="345" hits="0"/><line number="346" hits="0"/><line number="347" hits="0"/><line number="348" hits="0"/><line number="351" hits="0"/><line number="352" hits="0"/><line number="355" hits="0"/><line number="356" hits="0"/><line number="359" hits="0"/><line number="360" hits="0"/><line number="363" hits="0"/><line number="365" hits="0"/><line number="368" hits="0"/><line number="374" hits="0"/><line number="376" hits="0"/><line number="377" hits="0"/><line number="378" hits="0"/><line number="379" hits="0"/><line number="382" hits="0"/><line number="383" hits="0"/><line number="384" hits="0"/><line number="387" hits="0"/></lines></class></classes></package><package name="masp_primitives/target/rls/debug/build/typenum-d8b12be0e1c95082/out" line-rate="0" branch-rate="0" complexity="0"><classes></classes></package><package name="masp_primitives/src/transaction/components/sapling" line-rate="0.6068111455108359" branch-rate="0" complexity="0"><classes><class name="builder" filename="masp_primitives/src/transaction/components/sapling/builder.rs" line-rate="0.6068111455108359" branch-rate="0" complexity="0"><methods/><lines><line number="54" hits="0"/><line number="55" hits="0"/><line number="57" hits="0"/><line number="59" hits="0"/><line number="60" hits="0"/><line number="61" hits="0"/><line number="62" hits="0"/><line number="63" hits="0"/><line number="78" hits="0"/><line number="79" hits="0"/><line number="80" hits="0"/><line number="83" hits="0"/><line number="84" hits="0"/><line number="85" hits="0"/><line number="103" hits="3"/><line number="113" hits="6"/><line number="114" hits="3"/><line number="115" hits="0"/><line number="118" hits="3"/><line number="122" hits="3"/><line number="128" hits="3"/><line number="129" hits="3"/><line number="130" hits="3"/><line number="131" hits="3"/><line number="132" hits="3"/><line number="136" hits="1"/><line number="142" hits="1"/><line number="143" hits="1"/><line number="145" hits="1"/><line number="146" hits="1"/><line number="147" hits="1"/><line number="148" hits="1"/><line number="149" hits="1"/><line number="150" hits="1"/><line number="151" hits="1"/><line number="154" hits="1"/><line number="156" hits="1"/><line number="157" hits="1"/><line number="159" hits="1"/><line number="164" hits="1"/><line number="173" hits="0"/><line number="174" hits="0"/><line number="188" hits="2"/><line number="190" hits="2"/><line number="191" hits="2"/><line number="192" hits="2"/><line number="203" hits="0"/><line number="204" hits="0"/><line number="214" hits="0"/><line number="215" hits="0"/><line number="224" hits="0"/><line number="225" hits="0"/><line number="246" hits="0"/><line number="247" hits="0"/><line number="257" hits="8"/><line number="262" hits="8"/><line number="264" hits="8"/><line number="265" hits="8"/><line number="266" hits="8"/><line number="272" hits="6"/><line number="273" hits="6"/><line number="276" hits="0"/><line number="277" hits="0"/><line number="280" hits="6"/><line number="281" hits="6"/><line number="285" hits="6"/><line number="286" hits="6"/><line number="295" hits="4"/><line number="303" hits="4"/><line number="304" hits="4"/><line number="305" hits="5"/><line number="306" hits="1"/><line number="307" hits="1"/><line number="308" hits="0"/><line number="311" hits="3"/><line number="314" hits="4"/><line number="316" hits="4"/><line number="317" hits="8"/><line number="319" hits="4"/><line number="320" hits="4"/><line number="321" hits="4"/><line number="322" hits="4"/><line number="323" hits="4"/><line number="324" hits="4"/><line number="327" hits="4"/><line number="332" hits="3"/><line number="342" hits="3"/><line number="343" hits="3"/><line number="344" hits="3"/><line number="345" hits="3"/><line number="346" hits="3"/><line number="347" hits="3"/><line number="348" hits="3"/><line number="349" hits="3"/><line number="352" hits="3"/><line number="353" hits="6"/><line number="355" hits="3"/><line number="357" hits="3"/><line number="360" hits="2"/><line number="368" hits="2"/><line number="369" hits="2"/><line number="370" hits="2"/><line number="371" hits="2"/><line number="372" hits="2"/><line number="373" hits="2"/><line number="376" hits="5"/><line number="379" hits="2"/><line number="380" hits="2"/><line number="381" hits="2"/><line number="382" hits="2"/><line number="383" hits="2"/><line number="384" hits="2"/><line number="385" hits="2"/><line number="386" hits="2"/><line number="388" hits="2"/><line number="389" hits="2"/><line number="390" hits="8"/><line number="391" hits="3"/><line number="396" hits="2"/><line number="397" hits="2"/><line number="398" hits="2"/><line number="400" hits="2"/><line number="401" hits="2"/><line number="402" hits="2"/><line number="405" hits="4"/><line number="406" hits="2"/><line number="407" hits="2"/><line number="410" hits="2"/><line number="413" hits="5"/><line number="414" hits="3"/><line number="416" hits="3"/><line number="417" hits="3"/><line number="418" hits="3"/><line number="421" hits="6"/><line number="422" hits="3"/><line number="423" hits="3"/><line number="424" hits="3"/><line number="425" hits="3"/><line number="426" hits="3"/><line number="427" hits="3"/><line number="428" hits="3"/><line number="429" hits="3"/><line number="430" hits="3"/><line number="431" hits="3"/><line number="433" hits="6"/><line number="436" hits="3"/><line number="438" hits="3"/><line number="439" hits="3"/><line number="440" hits="3"/><line number="441" hits="0"/><line number="442" hits="0"/><line number="443" hits="0"/><line number="444" hits="0"/><line number="447" hits="3"/><line number="448" hits="3"/><line number="449" hits="3"/><line number="450" hits="3"/><line number="451" hits="3"/><line number="452" hits="3"/><line number="453" hits="3"/><line number="458" hits="0"/><line number="462" hits="2"/><line number="463" hits="2"/><line number="464" hits="0"/><line number="465" hits="0"/><line number="468" hits="0"/><line number="471" hits="0"/><line number="472" hits="0"/><line number="473" hits="0"/><line number="474" hits="0"/><line number="475" hits="0"/><line number="476" hits="0"/><line number="477" hits="0"/><line number="478" hits="0"/><line number="480" hits="0"/><line number="483" hits="0"/><line number="485" hits="0"/><line number="486" hits="0"/><line number="487" hits="0"/><line number="488" hits="0"/><line number="489" hits="0"/><line number="490" hits="0"/><line number="491" hits="0"/><line number="494" hits="0"/><line number="495" hits="0"/><line number="496" hits="0"/><line number="497" hits="0"/><line number="502" hits="2"/><line number="506" hits="2"/><line number="509" hits="2"/><line number="510" hits="9"/><line number="512" hits="1"/><line number="514" hits="1"/><line number="517" hits="3"/><line number="518" hits="3"/><line number="519" hits="0"/><line number="520" hits="0"/><line number="521" hits="4"/><line number="522" hits="4"/><line number="523" hits="4"/><line number="524" hits="4"/><line number="525" hits="7"/><line number="526" hits="3"/><line number="527" hits="3"/><line number="530" hits="3"/><line number="532" hits="6"/><line number="533" hits="3"/><line number="534" hits="3"/><line number="535" hits="6"/><line number="536" hits="3"/><line number="540" hits="3"/><line number="541" hits="3"/><line number="544" hits="3"/><line number="545" hits="3"/><line number="546" hits="3"/><line number="547" hits="3"/><line number="548" hits="3"/><line number="549" hits="3"/><line number="550" hits="3"/><line number="555" hits="3"/><line number="556" hits="3"/><line number="558" hits="3"/><line number="559" hits="3"/><line number="560" hits="3"/><line number="561" hits="3"/><line number="562" hits="3"/><line number="563" hits="3"/><line number="564" hits="3"/><line number="567" hits="3"/><line number="569" hits="3"/><line number="570" hits="3"/><line number="571" hits="3"/><line number="572" hits="3"/><line number="574" hits="3"/><line number="575" hits="3"/><line number="576" hits="3"/><line number="577" hits="3"/><line number="578" hits="3"/><line number="579" hits="3"/><line number="580" hits="3"/><line number="585" hits="4"/><line number="586" hits="4"/><line number="587" hits="0"/><line number="588" hits="0"/><line number="589" hits="0"/><line number="590" hits="0"/><line number="593" hits="4"/><line number="597" hits="4"/><line number="598" hits="0"/><line number="600" hits="2"/><line number="601" hits="2"/><line number="602" hits="2"/><line number="603" hits="2"/><line number="604" hits="2"/><line number="605" hits="2"/><line number="609" hits="2"/><line number="614" hits="0"/><line number="616" hits="0"/><line number="617" hits="0"/><line number="618" hits="0"/><line number="619" hits="0"/><line number="620" hits="0"/><line number="627" hits="2"/><line number="634" hits="2"/><line number="635" hits="2"/><line number="636" hits="8"/><line number="638" hits="0"/><line number="639" hits="0"/><line number="640" hits="0"/><line number="641" hits="0"/><line number="642" hits="0"/><line number="643" hits="0"/><line number="644" hits="0"/><line number="645" hits="0"/><line number="646" hits="0"/><line number="647" hits="0"/><line number="648" hits="0"/><line number="651" hits="0"/><line number="652" hits="0"/><line number="653" hits="0"/><line number="654" hits="0"/><line number="655" hits="0"/><line number="657" hits="0"/><line number="697" hits="0"/><line number="698" hits="0"/><line number="699" hits="0"/><line number="700" hits="0"/><line number="701" hits="0"/><line number="702" hits="0"/><line number="704" hits="0"/><line number="705" hits="0"/><line number="706" hits="0"/><line number="708" hits="0"/><line number="710" hits="0"/><line number="711" hits="0"/><line number="712" hits="0"/><line number="713" hits="0"/><line number="714" hits="0"/><line number="715" hits="0"/><line number="716" hits="0"/><line number="718" hits="0"/><line number="719" hits="0"/><line number="720" hits="0"/><line number="721" hits="0"/><line number="722" hits="0"/><line number="723" hits="0"/><line number="724" hits="0"/><line number="725" hits="0"/><line number="728" hits="0"/><line number="730" hits="0"/><line number="731" hits="0"/><line number="732" hits="0"/><line number="733" hits="0"/><line number="734" hits="0"/><line number="735" hits="0"/><line number="736" hits="0"/><line number="738" hits="0"/><line number="739" hits="0"/><line number="740" hits="0"/><line number="741" hits="0"/><line number="742" hits="0"/><line number="743" hits="0"/><line number="745" hits="0"/></lines></class></classes></package><package name="masp_proofs/target/rls/debug/build/typenum-5f66d6a51ca10ed6/out" line-rate="0" branch-rate="0" complexity="0"><classes></classes></package><package name="masp_proofs/target/rls/debug/build/typenum-d8b12be0e1c95082/out" line-rate="0" branch-rate="0" complexity="0"><classes></classes></package><package name="masp_proofs/benches" line-rate="0" branch-rate="0" complexity="0"><classes></classes></package><package name="masp_proofs/src/circuit" line-rate="0.9809688581314879" branch-rate="0" complexity="0"><classes><class name="convert" filename="masp_proofs/src/circuit/convert.rs" line-rate="1" branch-rate="0" complexity="0"><methods/><lines><line number="29" hits="10"/><line number="33" hits="10"/><line number="34" hits="10"/><line number="35" hits="10"/><line number="38" hits="10"/><line number="39" hits="30"/><line number="44" hits="10"/><line number="45" hits="1930"/><line number="46" hits="640"/><line number="47" hits="640"/><line number="50" hits="10"/><line number="54" hits="30"/><line number="55" hits="10"/><line number="56" hits="10"/><line number="61" hits="10"/><line number="64" hits="330"/><line number="65" hits="960"/><line number="69" hits="640"/><line number="70" hits="960"/><line number="71" hits="960"/><line number="76" hits="320"/><line number="77" hits="1920"/><line number="81" hits="960"/><line number="82" hits="320"/><line number="83" hits="320"/><line number="84" hits="320"/><line number="91" hits="320"/><line number="92" hits="960"/><line number="93" hits="960"/><line number="96" hits="320"/><line number="97" hits="960"/><line number="98" hits="320"/><line number="99" hits="320"/><line number="101" hits="320"/><line number="102" hits="320"/><line number="106" hits="10"/><line number="109" hits="50"/><line number="110" hits="10"/><line number="116" hits="10"/><line number="117" hits="30"/><line number="118" hits="30"/><line number="119" hits="30"/><line number="120" hits="30"/><line number="123" hits="10"/><line number="124" hits="30"/></lines></class><class name="ecc" filename="masp_proofs/src/circuit/ecc.rs" line-rate="0.9656357388316151" branch-rate="0" complexity="0"><methods/><lines><line number="27" hits="370"/><line number="35" hits="370"/><line number="36" hits="370"/><line number="38" hits="28530"/><line number="39" hits="28160"/><line number="42" hits="56320"/><line number="43" hits="28160"/><line number="46" hits="56320"/><line number="47" hits="28160"/><line number="50" hits="56360"/><line number="54" hits="84480"/><line number="55" hits="28160"/><line number="56" hits="28160"/><line number="59" hits="28160"/><line number="61" hits="28530"/><line number="62" hits="370"/><line number="64" hits="0"/><line number="65" hits="27790"/><line number="66" hits="27790"/><line number="67" hits="83370"/><line number="72" hits="740"/><line number="76" hits="9272"/><line number="77" hits="9272"/><line number="80" hits="7512"/><line number="81" hits="7512"/><line number="84" hits="114"/><line number="88" hits="456"/><line number="89" hits="456"/><line number="90" hits="456"/><line number="96" hits="344"/><line number="98" hits="112"/><line number="105" hits="450"/><line number="106" hits="450"/><line number="108" hits="150"/><line number="112" hits="310"/><line number="116" hits="310"/><line number="118" hits="1240"/><line number="120" hits="1240"/><line number="122" hits="310"/><line number="123" hits="310"/><line number="125" hits="310"/><line number="130" hits="294"/><line number="134" hits="882"/><line number="137" hits="2352"/><line number="140" hits="2352"/><line number="142" hits="882"/><line number="147" hits="48920"/><line number="156" hits="244600"/><line number="157" hits="48920"/><line number="158" hits="24153"/><line number="160" hits="24767"/><line number="167" hits="48920"/><line number="168" hits="48920"/><line number="169" hits="146760"/><line number="170" hits="146760"/><line number="171" hits="146760"/><line number="172" hits="146760"/><line number="176" hits="244600"/><line number="177" hits="48920"/><line number="178" hits="24153"/><line number="180" hits="24767"/><line number="187" hits="48920"/><line number="188" hits="146760"/><line number="189" hits="146760"/><line number="190" hits="146760"/><line number="191" hits="146760"/><line number="194" hits="48920"/><line number="195" hits="48920"/><line number="196" hits="48920"/><line number="203" hits="250"/><line number="207" hits="250"/><line number="208" hits="250"/><line number="209" hits="250"/><line number="210" hits="250"/><line number="212" hits="250"/><line number="213" hits="250"/><line number="215" hits="48170"/><line number="216" hits="48170"/><line number="217" hits="250"/><line number="220" hits="0"/><line number="221" hits="47670"/><line number="222" hits="47670"/><line number="223" hits="143010"/><line number="231" hits="95840"/><line number="234" hits="143760"/><line number="236" hits="48170"/><line number="237" hits="250"/><line number="239" hits="0"/><line number="240" hits="47670"/><line number="241" hits="47670"/><line number="242" hits="143010"/><line number="247" hits="500"/><line number="250" hits="494"/><line number="260" hits="1976"/><line number="261" hits="1976"/><line number="262" hits="1976"/><line number="264" hits="494"/><line number="265" hits="494"/><line number="266" hits="1482"/><line number="267" hits="1482"/><line number="268" hits="1482"/><line number="269" hits="1482"/><line number="272" hits="494"/><line number="273" hits="494"/><line number="274" hits="494"/><line number="278" hits="48352"/><line number="284" hits="241760"/><line number="285" hits="96704"/><line number="286" hits="48352"/><line number="288" hits="96704"/><line number="289" hits="48352"/><line number="291" hits="48352"/><line number="293" hits="48352"/><line number="296" hits="48352"/><line number="297" hits="145056"/><line number="298" hits="145056"/><line number="299" hits="145056"/><line number="300" hits="145056"/><line number="304" hits="193408"/><line number="307" hits="241760"/><line number="308" hits="145056"/><line number="309" hits="48352"/><line number="311" hits="48352"/><line number="314" hits="48352"/><line number="315" hits="145056"/><line number="316" hits="145056"/><line number="317" hits="145056"/><line number="318" hits="145056"/><line number="322" hits="241760"/><line number="323" hits="96704"/><line number="324" hits="48352"/><line number="326" hits="48352"/><line number="327" hits="48352"/><line number="329" hits="145056"/><line number="330" hits="48352"/><line number="331" hits="48352"/><line number="333" hits="0"/><line number="337" hits="48352"/><line number="338" hits="48352"/><line number="339" hits="145056"/><line number="340" hits="145056"/><line number="341" hits="145056"/><line number="342" hits="145056"/><line number="347" hits="241760"/><line number="348" hits="96704"/><line number="349" hits="48352"/><line number="350" hits="48352"/><line number="352" hits="48352"/><line number="353" hits="48352"/><line number="355" hits="145056"/><line number="356" hits="48352"/><line number="357" hits="48352"/><line number="359" hits="0"/><line number="363" hits="48352"/><line number="364" hits="145056"/><line number="365" hits="145056"/><line number="366" hits="145056"/><line number="367" hits="145056"/><line number="370" hits="48352"/><line number="374" hits="84959"/><line number="381" hits="424795"/><line number="382" hits="169918"/><line number="383" hits="84959"/><line number="385" hits="169918"/><line number="386" hits="84959"/><line number="388" hits="84959"/><line number="390" hits="84959"/><line number="393" hits="84959"/><line number="394" hits="254877"/><line number="395" hits="254877"/><line number="396" hits="254877"/><line number="397" hits="254877"/><line number="401" hits="339836"/><line number="404" hits="339836"/><line number="407" hits="424795"/><line number="408" hits="169918"/><line number="409" hits="84959"/><line number="410" hits="84959"/><line number="412" hits="84959"/><line number="415" hits="84959"/><line number="416" hits="254877"/><line number="417" hits="254877"/><line number="418" hits="254877"/><line number="419" hits="254877"/><line number="423" hits="424795"/><line number="424" hits="169918"/><line number="425" hits="84959"/><line number="427" hits="84959"/><line number="428" hits="84959"/><line number="430" hits="254877"/><line number="431" hits="84959"/><line number="432" hits="84959"/><line number="434" hits="0"/><line number="438" hits="84959"/><line number="439" hits="84959"/><line number="440" hits="254877"/><line number="441" hits="254877"/><line number="442" hits="254877"/><line number="443" hits="254877"/><line number="447" hits="424795"/><line number="448" hits="169918"/><line number="449" hits="84959"/><line number="450" hits="84959"/><line number="452" hits="84959"/><line number="453" hits="84959"/><line number="455" hits="254877"/><line number="456" hits="84959"/><line number="457" hits="84959"/><line number="459" hits="0"/><line number="463" hits="84959"/><line number="464" hits="254877"/><line number="465" hits="254877"/><line number="466" hits="254877"/><line number="467" hits="254877"/><line number="470" hits="84959"/><line number="483" hits="14712"/><line number="488" hits="73560"/><line number="489" hits="29424"/><line number="490" hits="14712"/><line number="492" hits="73560"/><line number="493" hits="14712"/><line number="494" hits="14712"/><line number="496" hits="0"/><line number="500" hits="14712"/><line number="501" hits="44136"/><line number="502" hits="44136"/><line number="503" hits="44136"/><line number="504" hits="44136"/><line number="508" hits="73560"/><line number="509" hits="29424"/><line number="510" hits="14712"/><line number="511" hits="14712"/><line number="512" hits="14712"/><line number="514" hits="44136"/><line number="515" hits="14712"/><line number="516" hits="14712"/><line number="518" hits="0"/><line number="522" hits="14712"/><line number="523" hits="14712"/><line number="524" hits="44136"/><line number="525" hits="44136"/><line number="526" hits="44136"/><line number="527" hits="44136"/><line number="530" hits="14712"/><line number="537" hits="774679"/><line number="543" hits="760067"/><line number="548" hits="3800335"/><line number="549" hits="1520134"/><line number="550" hits="760067"/><line number="552" hits="1520134"/><line number="553" hits="760067"/><line number="555" hits="2280201"/><line number="556" hits="760067"/><line number="557" hits="760067"/><line number="559" hits="0"/><line number="563" hits="760067"/><line number="564" hits="2280201"/><line number="565" hits="2280201"/><line number="566" hits="2280201"/><line number="567" hits="2280201"/><line number="571" hits="3800335"/><line number="572" hits="2280201"/><line number="573" hits="760067"/><line number="574" hits="760067"/><line number="575" hits="760067"/><line number="577" hits="760067"/><line number="581" hits="760067"/><line number="582" hits="760067"/><line number="583" hits="2280201"/><line number="584" hits="2280201"/><line number="585" hits="2280201"/><line number="586" hits="1520134"/><line number="587" hits="760067"/><line number="588" hits="760067"/><line number="589" hits="760067"/><line number="590" hits="760067"/><line number="595" hits="3800335"/><line number="596" hits="1520134"/><line number="597" hits="760067"/><line number="598" hits="760067"/><line number="599" hits="760067"/><line number="600" hits="760067"/><line number="602" hits="760067"/><line number="606" hits="760067"/><line number="607" hits="2280201"/><line number="608" hits="2280201"/><line number="609" hits="2280201"/><line number="610" hits="2280201"/><line number="613" hits="760067"/><line number="614" hits="760067"/><line number="615" hits="760067"/></lines></class><class name="pedersen_hash" filename="masp_proofs/src/circuit/pedersen_hash.rs" line-rate="1" branch-rate="0" complexity="0"><methods/><lines><line number="11" hits="5443"/><line number="12" hits="5443"/><line number="15" hits="5443"/><line number="19" hits="5443"/><line number="27" hits="5443"/><line number="28" hits="5443"/><line number="30" hits="5443"/><line number="31" hits="5443"/><line number="32" hits="5443"/><line number="33" hits="5443"/><line number="35" hits="5443"/><line number="36" hits="20055"/><line number="37" hits="14612"/><line number="38" hits="14612"/><line number="40" hits="14612"/><line number="41" hits="1554540"/><line number="42" hits="774579"/><line number="43" hits="774579"/><line number="46" hits="2323737"/><line number="47" hits="774579"/><line number="48" hits="774579"/><line number="51" hits="774579"/><line number="53" hits="774579"/><line number="54" hits="14612"/><line number="55" hits="14612"/><line number="57" hits="759967"/><line number="58" hits="759967"/><line number="59" hits="1519934"/><line number="60" hits="759967"/><line number="62" hits="759967"/><line number="67" hits="774579"/><line number="69" hits="774579"/><line number="70" hits="9230"/><line number="73" hits="765349"/><line number="76" hits="14612"/><line number="83" hits="29224"/><line number="84" hits="43836"/><line number="87" hits="14612"/><line number="88" hits="9169"/><line number="89" hits="9169"/><line number="90" hits="27507"/><line number="91" hits="9169"/><line number="94" hits="5443"/><line number="95" hits="5443"/><line number="99" hits="14612"/><line number="102" hits="5443"/></lines></class><class name="sapling" filename="masp_proofs/src/circuit/sapling.rs" line-rate="0.9948979591836735" branch-rate="0" complexity="0"><methods/><lines><line number="69" hits="80"/><line number="78" hits="240"/><line number="79" hits="240"/><line number="83" hits="320"/><line number="86" hits="80"/><line number="87" hits="240"/><line number="88" hits="80"/><line number="89" hits="240"/><line number="90" hits="80"/><line number="91" hits="240"/><line number="97" hits="80"/><line number="99" hits="240"/><line number="103" hits="240"/><line number="104" hits="240"/><line number="108" hits="160"/><line number="109" hits="240"/><line number="110" hits="80"/><line number="117" hits="240"/><line number="118" hits="240"/><line number="123" hits="240"/><line number="124" hits="80"/><line number="125" hits="80"/><line number="129" hits="320"/><line number="132" hits="240"/><line number="134" hits="80"/><line number="138" hits="40"/><line number="144" hits="120"/><line number="145" hits="120"/><line number="151" hits="120"/><line number="155" hits="160"/><line number="159" hits="120"/><line number="160" hits="40"/><line number="161" hits="40"/><line number="164" hits="160"/><line number="166" hits="120"/><line number="170" hits="0"/><line number="174" hits="120"/><line number="175" hits="120"/><line number="184" hits="40"/><line number="185" hits="120"/><line number="186" hits="40"/><line number="187" hits="40"/><line number="192" hits="40"/><line number="194" hits="40"/><line number="195" hits="120"/><line number="198" hits="40"/><line number="203" hits="160"/><line number="205" hits="40"/><line number="206" hits="40"/><line number="209" hits="40"/><line number="210" hits="40"/><line number="214" hits="120"/><line number="215" hits="40"/><line number="216" hits="40"/><line number="220" hits="40"/><line number="223" hits="40"/><line number="225" hits="120"/><line number="226" hits="40"/><line number="227" hits="40"/><line number="228" hits="120"/><line number="236" hits="120"/><line number="239" hits="160"/><line number="243" hits="40"/><line number="245" hits="40"/><line number="246" hits="40"/><line number="247" hits="40"/><line number="251" hits="120"/><line number="252" hits="40"/><line number="257" hits="40"/><line number="258" hits="7720"/><line number="259" hits="2560"/><line number="260" hits="2560"/><line number="264" hits="40"/><line number="266" hits="40"/><line number="267" hits="40"/><line number="270" hits="40"/><line number="271" hits="120"/><line number="274" hits="120"/><line number="276" hits="40"/><line number="277" hits="40"/><line number="286" hits="120"/><line number="287" hits="40"/><line number="288" hits="40"/><line number="294" hits="120"/><line number="295" hits="40"/><line number="300" hits="120"/><line number="301" hits="40"/><line number="302" hits="40"/><line number="307" hits="120"/><line number="313" hits="40"/><line number="315" hits="40"/><line number="316" hits="40"/><line number="317" hits="40"/><line number="320" hits="1320"/><line number="321" hits="3840"/><line number="325" hits="2560"/><line number="326" hits="3840"/><line number="327" hits="3840"/><line number="331" hits="1280"/><line number="335" hits="1280"/><line number="336" hits="7680"/><line number="340" hits="3840"/><line number="341" hits="1280"/><line number="342" hits="1280"/><line number="343" hits="1280"/><line number="350" hits="1280"/><line number="351" hits="3840"/><line number="352" hits="3840"/><line number="355" hits="1280"/><line number="356" hits="3840"/><line number="357" hits="1280"/><line number="358" hits="1280"/><line number="360" hits="1280"/><line number="361" hits="1280"/><line number="365" hits="40"/><line number="368" hits="200"/><line number="369" hits="40"/><line number="375" hits="40"/><line number="376" hits="120"/><line number="377" hits="120"/><line number="378" hits="120"/><line number="379" hits="120"/><line number="382" hits="40"/><line number="383" hits="120"/><line number="388" hits="40"/><line number="392" hits="120"/><line number="393" hits="40"/><line number="394" hits="40"/><line number="398" hits="120"/><line number="402" hits="120"/><line number="404" hits="40"/><line number="408" hits="120"/><line number="409" hits="40"/><line number="410" hits="40"/><line number="413" hits="120"/><line number="418" hits="30"/><line number="422" hits="30"/><line number="423" hits="30"/><line number="424" hits="30"/><line number="426" hits="30"/><line number="428" hits="30"/><line number="429" hits="30"/><line number="431" hits="30"/><line number="432" hits="30"/><line number="434" hits="7710"/><line number="435" hits="23040"/><line number="439" hits="23040"/><line number="443" hits="7680"/><line number="447" hits="30"/><line number="451" hits="90"/><line number="452" hits="30"/><line number="453" hits="30"/><line number="457" hits="30"/><line number="458" hits="90"/><line number="461" hits="30"/><line number="464" hits="30"/><line number="473" hits="7680"/><line number="474" hits="30"/><line number="477" hits="23040"/><line number="478" hits="7680"/><line number="479" hits="7680"/><line number="484" hits="30"/><line number="486" hits="30"/><line number="487" hits="30"/><line number="494" hits="90"/><line number="495" hits="30"/><line number="496" hits="30"/><line number="497" hits="90"/><line number="509" hits="90"/><line number="513" hits="90"/><line number="516" hits="120"/><line number="519" hits="120"/><line number="522" hits="90"/><line number="530" hits="30"/><line number="531" hits="30"/><line number="533" hits="90"/><line number="538" hits="90"/><line number="539" hits="90"/><line number="543" hits="60"/><line number="544" hits="90"/><line number="545" hits="90"/><line number="549" hits="30"/><line number="550" hits="30"/><line number="553" hits="30"/><line number="554" hits="30"/><line number="563" hits="90"/><line number="564" hits="30"/><line number="565" hits="30"/><line number="571" hits="90"/><line number="572" hits="30"/><line number="577" hits="90"/><line number="578" hits="30"/><line number="579" hits="30"/><line number="583" hits="90"/><line number="590" hits="90"/><line number="592" hits="30"/></lines></class></classes></package><package name="masp_primitives/src/zip32" line-rate="0.7208121827411168" branch-rate="0" complexity="0"><classes><class name="sapling" filename="masp_primitives/src/zip32/sapling.rs" line-rate="0.7208121827411168" branch-rate="0" complexity="0"><methods/><lines><line number="37" hits="2"/><line number="42" hits="2"/><line number="43" hits="5"/><line number="50" hits="4"/><line number="55" hits="8"/><line number="56" hits="12"/><line number="61" hits="4"/><line number="65" hits="4"/><line number="66" hits="4"/><line number="67" hits="4"/><line number="71" hits="14"/><line number="72" hits="14"/><line number="73" hits="14"/><line number="74" hits="14"/><line number="82" hits="5"/><line number="86" hits="5"/><line number="87" hits="5"/><line number="89" hits="5"/><line number="91" hits="5"/><line number="92" hits="5"/><line number="93" hits="5"/><line number="95" hits="5"/><line number="96" hits="5"/><line number="97" hits="5"/><line number="98" hits="5"/><line number="99" hits="5"/><line number="100" hits="5"/><line number="101" hits="5"/><line number="104" hits="5"/><line number="105" hits="5"/><line number="106" hits="5"/><line number="107" hits="5"/><line number="109" hits="5"/><line number="111" hits="5"/><line number="119" hits="24"/><line number="120" hits="24"/><line number="122" hits="24"/><line number="124" hits="24"/><line number="125" hits="24"/><line number="126" hits="24"/><line number="127" hits="24"/><line number="132" hits="14"/><line number="133" hits="14"/><line number="134" hits="14"/><line number="135" hits="14"/><line number="144" hits="11"/><line number="145" hits="11"/><line number="148" hits="7"/><line number="149" hits="7"/><line number="158" hits="11"/><line number="159" hits="11"/><line number="160" hits="11"/><line number="161" hits="11"/><line number="165" hits="1"/><line number="166" hits="1"/><line number="170" hits="9"/><line number="171" hits="9"/><line number="174" hits="14"/><line number="175" hits="14"/><line number="176" hits="14"/><line number="177" hits="14"/><line number="180" hits="78"/><line number="181" hits="78"/><line number="182" hits="78"/><line number="183" hits="78"/><line number="185" hits="78"/><line number="186" hits="78"/><line number="187" hits="78"/><line number="189" hits="78"/><line number="190" hits="186"/><line number="195" hits="6"/><line number="196" hits="6"/><line number="197" hits="6"/><line number="205" hits="2"/><line number="206" hits="2"/><line number="207" hits="2"/><line number="208" hits="2"/><line number="210" hits="2"/><line number="211" hits="2"/><line number="212" hits="2"/><line number="219" hits="28"/><line number="223" hits="28"/><line number="224" hits="72"/><line number="225" hits="72"/><line number="226" hits="27"/><line number="228" hits="45"/><line number="229" hits="1"/><line number="249" hits="3"/><line number="250" hits="3"/><line number="251" hits="3"/><line number="252" hits="3"/><line number="253" hits="3"/><line number="254" hits="3"/><line number="255" hits="3"/><line number="256" hits="3"/><line number="257" hits="3"/><line number="262" hits="0"/><line number="263" hits="0"/><line number="264" hits="0"/><line number="266" hits="0"/><line number="272" hits="11"/><line number="273" hits="11"/><line number="275" hits="11"/><line number="276" hits="11"/><line number="278" hits="11"/><line number="279" hits="11"/><line number="280" hits="11"/><line number="284" hits="11"/><line number="285" hits="11"/><line number="286" hits="11"/><line number="287" hits="11"/><line number="288" hits="11"/><line number="294" hits="0"/><line number="295" hits="0"/><line number="296" hits="0"/><line number="297" hits="0"/><line number="298" hits="0"/><line number="302" hits="0"/><line number="304" hits="0"/><line number="305" hits="0"/><line number="307" hits="0"/><line number="308" hits="0"/><line number="309" hits="0"/><line number="311" hits="0"/><line number="312" hits="0"/><line number="314" hits="0"/><line number="316" hits="0"/><line number="317" hits="0"/><line number="319" hits="0"/><line number="320" hits="0"/><line number="321" hits="0"/><line number="322" hits="0"/><line number="323" hits="0"/><line number="324" hits="0"/><line number="325" hits="0"/><line number="331" hits="1"/><line number="332" hits="2"/><line number="333" hits="1"/><line number="334" hits="1"/><line number="335" hits="2"/><line number="336" hits="1"/><line number="337" hits="1"/><line number="338" hits="2"/><line number="339" hits="1"/><line number="340" hits="1"/><line number="342" hits="1"/><line number="343" hits="1"/><line number="344" hits="1"/><line number="345" hits="1"/><line number="346" hits="1"/><line number="347" hits="1"/><line number="348" hits="1"/><line number="354" hits="7"/><line number="355" hits="7"/><line number="356" hits="7"/><line number="357" hits="7"/><line number="358" hits="7"/><line number="359" hits="7"/><line number="360" hits="7"/><line number="361" hits="7"/><line number="362" hits="7"/><line number="367" hits="7"/><line number="368" hits="7"/><line number="372" hits="3"/><line number="373" hits="3"/><line number="374" hits="13"/><line number="375" hits="5"/><line number="377" hits="3"/><line number="381" hits="11"/><line number="382" hits="11"/><line number="383" hits="22"/><line number="384" hits="5"/><line number="385" hits="5"/><line number="386" hits="5"/><line number="388" hits="5"/><line number="389" hits="5"/><line number="392" hits="6"/><line number="393" hits="6"/><line number="394" hits="6"/><line number="396" hits="6"/><line number="397" hits="6"/><line number="401" hits="11"/><line number="402" hits="11"/><line number="403" hits="11"/><line number="406" hits="11"/><line number="407" hits="11"/><line number="409" hits="11"/><line number="410" hits="11"/><line number="418" hits="11"/><line number="424" hits="1"/><line number="425" hits="1"/><line number="432" hits="3"/><line number="433" hits="3"/><line number="434" hits="3"/><line number="435" hits="3"/><line number="437" hits="3"/><line number="439" hits="3"/><line number="440" hits="3"/><line number="441" hits="3"/><line number="443" hits="3"/><line number="444" hits="3"/><line number="445" hits="3"/><line number="446" hits="3"/><line number="447" hits="3"/><line number="448" hits="3"/><line number="451" hits="3"/><line number="452" hits="3"/><line number="453" hits="3"/><line number="454" hits="3"/><line number="455" hits="3"/><line number="465" hits="7"/><line number="467" hits="7"/><line number="468" hits="7"/><line number="469" hits="7"/><line number="470" hits="7"/><line number="471" hits="7"/><line number="472" hits="7"/><line number="476" hits="5"/><line number="478" hits="5"/><line number="479" hits="5"/><line number="496" hits="3"/><line number="497" hits="3"/><line number="498" hits="3"/><line number="499" hits="3"/><line number="500" hits="3"/><line number="501" hits="3"/><line number="502" hits="3"/><line number="503" hits="3"/><line number="504" hits="3"/><line number="509" hits="0"/><line number="510" hits="0"/><line number="511" hits="0"/><line number="513" hits="0"/><line number="519" hits="0"/><line number="520" hits="0"/><line number="525" hits="0"/><line number="526" hits="0"/><line number="531" hits="4"/><line number="533" hits="4"/><line number="534" hits="4"/><line number="535" hits="4"/><line number="536" hits="4"/><line number="537" hits="4"/><line number="538" hits="4"/><line number="544" hits="0"/><line number="545" hits="0"/><line number="550" hits="0"/><line number="551" hits="0"/><line number="556" hits="0"/><line number="557" hits="0"/><line number="560" hits="0"/><line number="563" hits="0"/><line number="568" hits="0"/><line number="569" hits="0"/><line number="572" hits="0"/><line number="575" hits="0"/><line number="580" hits="1"/><line number="581" hits="2"/><line number="582" hits="1"/><line number="583" hits="1"/><line number="584" hits="2"/><line number="585" hits="1"/><line number="586" hits="1"/><line number="587" hits="2"/><line number="588" hits="1"/><line number="589" hits="1"/><line number="591" hits="1"/><line number="592" hits="1"/><line number="593" hits="1"/><line number="594" hits="1"/><line number="595" hits="1"/><line number="596" hits="1"/><line number="597" hits="1"/><line number="601" hits="0"/><line number="602" hits="11"/><line number="603" hits="11"/><line number="604" hits="11"/><line number="605" hits="11"/><line number="606" hits="11"/><line number="607" hits="11"/><line number="609" hits="11"/><line number="612" hits="4"/><line number="613" hits="7"/><line number="614" hits="1"/><line number="615" hits="3"/><line number="616" hits="3"/><line number="617" hits="3"/><line number="619" hits="3"/><line number="620" hits="3"/><line number="624" hits="3"/><line number="625" hits="3"/><line number="626" hits="3"/><line number="628" hits="3"/><line number="629" hits="3"/><line number="630" hits="3"/><line number="631" hits="3"/><line number="632" hits="3"/><line number="633" hits="3"/><line number="634" hits="3"/><line number="635" hits="3"/><line number="636" hits="3"/><line number="637" hits="3"/><line number="638" hits="3"/><line number="641" hits="3"/><line number="642" hits="3"/><line number="643" hits="3"/><line number="646" hits="3"/><line number="653" hits="0"/><line number="654" hits="0"/><line number="661" hits="0"/><line number="662" hits="0"/><line number="667" hits="0"/><line number="668" hits="0"/><line number="678" hits="5"/><line number="679" hits="5"/><line number="682" hits="5"/><line number="683" hits="5"/><line number="684" hits="5"/><line number="685" hits="5"/><line number="691" hits="0"/><line number="693" hits="0"/><line number="694" hits="0"/><line number="715" hits="1"/><line number="717" hits="1"/><line number="718" hits="1"/><line number="724" hits="0"/><line number="725" hits="0"/><line number="734" hits="1"/><line number="735" hits="2"/><line number="736" hits="1"/><line number="737" hits="1"/><line number="742" hits="2"/><line number="743" hits="2"/><line number="744" hits="2"/><line number="745" hits="2"/><line number="747" hits="2"/><line number="748" hits="2"/><line number="753" hits="0"/><line number="754" hits="0"/><line number="759" hits="2"/><line number="760" hits="2"/><line number="766" hits="0"/><line number="767" hits="0"/><line number="768" hits="0"/><line number="769" hits="0"/><line number="774" hits="0"/><line number="775" hits="0"/><line number="776" hits="0"/><line number="777" hits="0"/><line number="782" hits="0"/><line number="783" hits="0"/><line number="784" hits="0"/><line number="785" hits="0"/><line number="793" hits="2"/><line number="794" hits="2"/><line number="805" hits="0"/><line number="806" hits="0"/><line number="811" hits="4"/><line number="812" hits="4"/><line number="819" hits="0"/><line number="820" hits="0"/><line number="828" hits="0"/><line number="829" hits="0"/><line number="830" hits="0"/><line number="837" hits="0"/><line number="838" hits="0"/><line number="839" hits="0"/><line number="840" hits="0"/><line number="841" hits="0"/><line number="853" hits="0"/><line number="854" hits="0"/><line number="855" hits="0"/><line number="856" hits="0"/><line number="859" hits="0"/><line number="860" hits="0"/><line number="861" hits="0"/><line number="862" hits="0"/><line number="863" hits="0"/><line number="864" hits="0"/><line number="867" hits="0"/><line number="873" hits="0"/><line number="874" hits="0"/><line number="875" hits="0"/><line number="880" hits="0"/><line number="881" hits="0"/><line number="884" hits="0"/><line number="887" hits="0"/><line number="892" hits="0"/><line number="893" hits="0"/><line number="896" hits="0"/><line number="899" hits="0"/><line number="1917" hits="0"/><line number="1918" hits="0"/><line number="1919" hits="0"/></lines></class></classes></package><package name="masp_primitives/target/rls/debug/build/num-bigint-0250cd27b6a31216/out" line-rate="0" branch-rate="0" complexity="0"><classes></classes></package><package name="masp_primitives/src/sapling" line-rate="0.8488612836438924" branch-rate="0" complexity="0"><classes><class name="group_hash" filename="masp_primitives/src/sapling/group_hash.rs" line-rate="0.9285714285714286" branch-rate="0" complexity="0"><methods/><lines><line number="15" hits="978"/><line number="16" hits="978"/><line number="19" hits="978"/><line number="21" hits="978"/><line number="23" hits="978"/><line number="25" hits="978"/><line number="26" hits="978"/><line number="29" hits="978"/><line number="30" hits="978"/><line number="33" hits="784"/><line number="35" hits="784"/><line number="36" hits="0"/><line number="38" hits="784"/><line number="41" hits="194"/></lines></class><class name="keys" filename="masp_primitives/src/sapling/keys.rs" line-rate="0.6632653061224489" branch-rate="0" complexity="0"><methods/><lines><line number="46" hits="0"/><line number="47" hits="0"/><line number="48" hits="0"/><line number="49" hits="0"/><line number="54" hits="21"/><line number="55" hits="21"/><line number="56" hits="21"/><line number="57" hits="21"/><line number="58" hits="21"/><line number="59" hits="21"/><line number="63" hits="3"/><line number="65" hits="3"/><line number="66" hits="3"/><line number="73" hits="1"/><line number="74" hits="1"/><line number="75" hits="0"/><line number="76" hits="0"/><line number="77" hits="0"/><line number="81" hits="2"/><line number="82" hits="1"/><line number="83" hits="2"/><line number="84" hits="1"/><line number="85" hits="1"/><line number="87" hits="1"/><line number="90" hits="1"/><line number="91" hits="1"/><line number="92" hits="1"/><line number="93" hits="1"/><line number="94" hits="0"/><line number="95" hits="0"/><line number="97" hits="0"/><line number="98" hits="0"/><line number="100" hits="0"/><line number="104" hits="0"/><line number="105" hits="0"/><line number="111" hits="12"/><line number="112" hits="12"/><line number="113" hits="12"/><line number="114" hits="12"/><line number="115" hits="12"/><line number="116" hits="12"/><line number="128" hits="0"/><line number="129" hits="0"/><line number="136" hits="0"/><line number="137" hits="0"/><line number="138" hits="0"/><line number="139" hits="0"/><line number="140" hits="0"/><line number="141" hits="0"/><line number="143" hits="0"/><line number="149" hits="40"/><line number="151" hits="40"/><line number="155" hits="40"/><line number="159" hits="4"/><line number="160" hits="4"/><line number="161" hits="4"/><line number="162" hits="4"/><line number="163" hits="12"/><line number="165" hits="4"/><line number="166" hits="4"/><line number="167" hits="4"/><line number="168" hits="4"/><line number="170" hits="4"/><line number="171" hits="1"/><line number="172" hits="1"/><line number="173" hits="1"/><line number="176" hits="3"/><line number="177" hits="0"/><line number="178" hits="0"/><line number="179" hits="0"/><line number="182" hits="3"/><line number="183" hits="3"/><line number="185" hits="3"/><line number="186" hits="3"/><line number="188" hits="3"/><line number="189" hits="3"/><line number="190" hits="3"/><line number="194" hits="0"/><line number="195" hits="54"/><line number="196" hits="54"/><line number="197" hits="54"/><line number="199" hits="54"/><line number="202" hits="52"/><line number="203" hits="52"/><line number="204" hits="52"/><line number="206" hits="52"/><line number="219" hits="0"/><line number="220" hits="0"/><line number="228" hits="10"/><line number="229" hits="10"/><line number="230" hits="10"/><line number="234" hits="10"/><line number="235" hits="10"/><line number="236" hits="10"/><line number="240" hits="0"/><line number="241" hits="0"/><line number="242" hits="0"/><line number="243" hits="0"/></lines></class><class name="note_encryption" filename="masp_primitives/src/sapling/note_encryption.rs" line-rate="0.9367816091954023" branch-rate="0" complexity="0"><methods/><lines><line number="38" hits="0"/><line number="39" hits="0"/><line number="42" hits="0"/><line number="43" hits="0"/><line number="49" hits="40"/><line number="50" hits="40"/><line number="61" hits="156"/><line number="62" hits="156"/><line number="65" hits="303"/><line number="66" hits="303"/><line number="67" hits="303"/><line number="68" hits="303"/><line number="70" hits="303"/><line number="76" hits="253"/><line number="77" hits="253"/><line number="79" hits="253"/><line number="81" hits="253"/><line number="82" hits="253"/><line number="89" hits="154"/><line number="96" hits="154"/><line number="97" hits="154"/><line number="98" hits="154"/><line number="99" hits="154"/><line number="100" hits="154"/><line number="101" hits="154"/><line number="102" hits="154"/><line number="103" hits="154"/><line number="104" hits="154"/><line number="105" hits="154"/><line number="106" hits="154"/><line number="107" hits="154"/><line number="111" hits="257"/><line number="112" hits="257"/><line number="115" hits="207"/><line number="123" hits="207"/><line number="126" hits="207"/><line number="127" hits="10"/><line number="130" hits="197"/><line number="131" hits="197"/><line number="132" hits="197"/><line number="133" hits="394"/><line number="134" hits="197"/><line number="136" hits="394"/><line number="137" hits="120"/><line number="138" hits="60"/><line number="140" hits="137"/><line number="143" hits="394"/><line number="145" hits="382"/><line number="146" hits="378"/><line number="147" hits="189"/><line number="156" hits="0"/><line number="157" hits="0"/><line number="160" hits="0"/><line number="161" hits="0"/><line number="162" hits="0"/><line number="164" hits="0"/><line number="165" hits="0"/><line number="171" hits="30"/><line number="195" hits="295"/><line number="196" hits="295"/><line number="199" hits="48"/><line number="200" hits="48"/><line number="203" hits="137"/><line number="204" hits="137"/><line number="207" hits="172"/><line number="211" hits="172"/><line number="212" hits="172"/><line number="213" hits="172"/><line number="214" hits="172"/><line number="215" hits="172"/><line number="216" hits="172"/><line number="219" hits="134"/><line number="223" hits="134"/><line number="226" hits="147"/><line number="230" hits="147"/><line number="236" hits="231"/><line number="237" hits="231"/><line number="240" hits="48"/><line number="245" hits="48"/><line number="246" hits="48"/><line number="247" hits="48"/><line number="248" hits="96"/><line number="249" hits="10"/><line number="250" hits="38"/><line number="252" hits="48"/><line number="253" hits="48"/><line number="254" hits="48"/><line number="257" hits="48"/><line number="258" hits="48"/><line number="259" hits="10"/><line number="260" hits="10"/><line number="262" hits="38"/><line number="263" hits="38"/><line number="267" hits="48"/><line number="269" hits="48"/><line number="272" hits="95"/><line number="278" hits="95"/><line number="281" hits="48"/><line number="285" hits="48"/><line number="286" hits="48"/><line number="287" hits="48"/><line number="289" hits="48"/><line number="292" hits="220"/><line number="293" hits="220"/><line number="296" hits="97"/><line number="297" hits="97"/><line number="298" hits="97"/><line number="299" hits="97"/><line number="300" hits="97"/><line number="303" hits="124"/><line number="308" hits="242"/><line number="309" hits="236"/><line number="313" hits="83"/><line number="320" hits="162"/><line number="321" hits="158"/><line number="322" hits="75"/><line number="324" hits="2"/><line number="329" hits="189"/><line number="330" hits="189"/><line number="333" hits="86"/><line number="335" hits="86"/><line number="340" hits="86"/><line number="342" hits="86"/><line number="343" hits="86"/><line number="344" hits="86"/><line number="349" hits="139"/><line number="350" hits="139"/><line number="355" hits="22"/><line number="358" hits="22"/><line number="360" hits="22"/><line number="362" hits="94"/><line number="364" hits="22"/><line number="365" hits="22"/><line number="367" hits="22"/><line number="368" hits="22"/><line number="370" hits="194"/><line number="371" hits="22"/><line number="372" hits="72"/><line number="373" hits="100"/><line number="374" hits="50"/><line number="375" hits="50"/><line number="376" hits="50"/><line number="377" hits="50"/><line number="378" hits="50"/><line number="379" hits="50"/><line number="380" hits="50"/><line number="386" hits="22"/><line number="389" hits="22"/><line number="390" hits="84"/><line number="391" hits="22"/><line number="392" hits="22"/><line number="393" hits="62"/><line number="395" hits="40"/><line number="396" hits="40"/><line number="397" hits="40"/><line number="398" hits="40"/><line number="450" hits="38"/><line number="456" hits="38"/><line number="461" hits="207"/><line number="466" hits="207"/><line number="468" hits="147"/><line number="473" hits="60"/><line number="477" hits="54"/><line number="487" hits="54"/><line number="490" hits="54"/><line number="493" hits="43"/><line number="503" hits="43"/><line number="507" hits="43"/><line number="518" hits="46"/><line number="525" hits="46"/><line number="529" hits="46"/><line number="540" hits="47"/><line number="547" hits="47"/><line number="551" hits="47"/></lines></class><class name="pedersen_hash" filename="masp_primitives/src/sapling/pedersen_hash.rs" line-rate="0.9827586206896551" branch-rate="0" complexity="0"><methods/><lines><line number="19" hits="40785"/><line number="20" hits="40785"/><line number="21" hits="480"/><line number="22" hits="40305"/><line number="23" hits="40305"/><line number="25" hits="322440"/><line number="31" hits="35305"/><line number="35" hits="35305"/><line number="38" hits="35305"/><line number="40" hits="35305"/><line number="41" hits="35305"/><line number="43" hits="0"/><line number="44" hits="138227"/><line number="45" hits="138227"/><line number="46" hits="138227"/><line number="47" hits="138227"/><line number="50" hits="11616369"/><line number="51" hits="5772946"/><line number="53" hits="5772946"/><line number="54" hits="5772946"/><line number="56" hits="5772946"/><line number="57" hits="5772946"/><line number="58" hits="8616464"/><line number="59" hits="2843518"/><line number="61" hits="5772946"/><line number="62" hits="8606596"/><line number="63" hits="2833650"/><line number="67" hits="8611571"/><line number="68" hits="2838625"/><line number="71" hits="5772946"/><line number="73" hits="5772946"/><line number="75" hits="5772946"/><line number="76" hits="67750"/><line number="78" hits="5705196"/><line number="82" hits="138227"/><line number="83" hits="35305"/><line number="86" hits="102922"/><line number="87" hits="102922"/><line number="88" hits="102922"/><line number="89" hits="102922"/><line number="91" hits="102922"/><line number="92" hits="102922"/><line number="93" hits="102922"/><line number="94" hits="102922"/><line number="96" hits="102922"/><line number="98" hits="102922"/><line number="99" hits="3396426"/><line number="100" hits="3293504"/><line number="101" hits="3293504"/><line number="102" hits="6587008"/><line number="104" hits="2881816"/><line number="107" hits="411688"/><line number="108" hits="3293504"/><line number="110" hits="3293504"/><line number="112" hits="3293504"/><line number="113" hits="3293504"/><line number="116" hits="102922"/><line number="119" hits="35305"/></lines></class><class name="prover" filename="masp_primitives/src/sapling/prover.rs" line-rate="0.75" branch-rate="0" complexity="0"><methods/><lines><line number="105" hits="2"/><line number="107" hits="3"/><line number="119" hits="3"/><line number="121" hits="3"/><line number="122" hits="3"/><line number="126" hits="3"/><line number="127" hits="3"/><line number="129" hits="3"/><line number="132" hits="4"/><line number="141" hits="4"/><line number="143" hits="4"/><line number="144" hits="4"/><line number="148" hits="4"/><line number="151" hits="0"/><line number="159" hits="0"/><line number="161" hits="0"/><line number="162" hits="0"/><line number="166" hits="0"/><line number="169" hits="2"/><line number="175" hits="2"/></lines></class><class name="redjubjub" filename="masp_primitives/src/sapling/redjubjub.rs" line-rate="0.8" branch-rate="0" complexity="0"><methods/><lines><line number="21" hits="12008"/><line number="22" hits="12008"/><line number="23" hits="12008"/><line number="25" hits="12008"/><line number="26" hits="24016"/><line number="29" hits="6003"/><line number="30" hits="6003"/><line number="33" hits="21014"/><line number="34" hits="21014"/><line number="49" hits="0"/><line number="50" hits="0"/><line number="55" hits="0"/><line number="56" hits="0"/><line number="61" hits="0"/><line number="62" hits="0"/><line number="67" hits="0"/><line number="68" hits="0"/><line number="73" hits="0"/><line number="74" hits="0"/><line number="79" hits="0"/><line number="80" hits="0"/><line number="85" hits="1000"/><line number="86" hits="1000"/><line number="87" hits="1000"/><line number="88" hits="1000"/><line number="89" hits="1000"/><line number="90" hits="1000"/><line number="93" hits="0"/><line number="94" hits="1000"/><line number="95" hits="1000"/><line number="101" hits="1000"/><line number="102" hits="1000"/><line number="103" hits="1000"/><line number="104" hits="1000"/><line number="107" hits="1000"/><line number="108" hits="2000"/><line number="109" hits="1000"/><line number="112" hits="1000"/><line number="113" hits="1000"/><line number="116" hits="5003"/><line number="117" hits="5003"/><line number="118" hits="5003"/><line number="119" hits="5003"/><line number="120" hits="5003"/><line number="122" hits="5003"/><line number="123" hits="5003"/><line number="125" hits="5003"/><line number="126" hits="5003"/><line number="127" hits="5003"/><line number="129" hits="5003"/><line number="130" hits="5003"/><line number="131" hits="5003"/><line number="132" hits="5003"/><line number="133" hits="5003"/><line number="134" hits="5003"/><line number="142" hits="3003"/><line number="143" hits="3003"/><line number="147" hits="1003"/><line number="148" hits="1003"/><line number="151" hits="1000"/><line number="152" hits="1000"/><line number="153" hits="1000"/><line number="154" hits="1000"/><line number="155" hits="1000"/><line number="156" hits="1000"/><line number="158" hits="0"/><line number="159" hits="0"/><line number="160" hits="0"/><line number="165" hits="2003"/><line number="166" hits="2003"/><line number="169" hits="11004"/><line number="170" hits="11004"/><line number="173" hits="11004"/><line number="180" hits="11004"/><line number="181" hits="11004"/><line number="185" hits="11004"/><line number="186" hits="22008"/><line number="187" hits="11004"/><line number="189" hits="0"/><line number="191" hits="11004"/><line number="192" hits="0"/><line number="194" hits="11004"/><line number="198" hits="22008"/><line number="199" hits="11004"/><line number="200" hits="0"/><line number="203" hits="11004"/><line number="218" hits="2"/><line number="223" hits="2"/><line number="225" hits="10"/><line number="226" hits="4"/><line number="227" hits="4"/><line number="228" hits="4"/><line number="229" hits="0"/><line number="231" hits="4"/><line number="233" hits="8"/><line number="234" hits="4"/><line number="235" hits="0"/><line number="238" hits="4"/><line number="240" hits="4"/><line number="242" hits="4"/><line number="243" hits="4"/><line number="245" hits="4"/><line number="247" hits="4"/><line number="249" hits="4"/><line number="252" hits="2"/></lines></class><class name="util" filename="masp_primitives/src/sapling/util.rs" line-rate="0.9285714285714286" branch-rate="0" complexity="0"><methods/><lines><line number="9" hits="21014"/><line number="10" hits="21014"/><line number="11" hits="21014"/><line number="12" hits="21014"/><line number="13" hits="21014"/><line number="14" hits="21014"/><line number="17" hits="37"/><line number="22" hits="37"/><line number="25" hits="43"/><line number="30" hits="43"/><line number="31" hits="43"/><line number="32" hits="43"/><line number="33" hits="43"/><line number="35" hits="0"/></lines></class></classes></package><package name="masp_primitives/src/transaction/components/transparent" line-rate="0.5342465753424658" branch-rate="0" complexity="0"><classes><class name="builder" filename="masp_primitives/src/transaction/components/transparent/builder.rs" line-rate="0.5652173913043478" branch-rate="0" complexity="0"><methods/><lines><line number="26" hits="0"/><line number="27" hits="0"/><line number="28" hits="0"/><line number="29" hits="0"/><line number="30" hits="0"/><line number="55" hits="0"/><line number="56" hits="0"/><line number="78" hits="8"/><line number="81" hits="8"/><line number="82" hits="8"/><line number="88" hits="0"/><line number="90" hits="0"/><line number="94" hits="0"/><line number="95" hits="0"/><line number="100" hits="6"/><line number="101" hits="6"/><line number="106" hits="0"/><line number="107" hits="0"/><line number="108" hits="0"/><line number="111" hits="0"/><line number="113" hits="0"/><line number="116" hits="4"/><line number="122" hits="8"/><line number="123" hits="0"/><line number="126" hits="4"/><line number="127" hits="4"/><line number="128" hits="4"/><line number="129" hits="4"/><line number="132" hits="4"/><line number="135" hits="6"/><line number="137" hits="12"/><line number="138" hits="6"/><line number="140" hits="6"/><line number="141" hits="0"/><line number="142" hits="0"/><line number="144" hits="0"/><line number="148" hits="12"/><line number="153" hits="12"/><line number="154" hits="6"/><line number="156" hits="10"/><line number="157" hits="4"/><line number="158" hits="4"/><line number="160" hits="0"/><line number="164" hits="12"/><line number="167" hits="6"/><line number="170" hits="2"/><line number="172" hits="2"/><line number="173" hits="2"/><line number="175" hits="2"/><line number="176" hits="0"/><line number="177" hits="0"/><line number="182" hits="2"/><line number="184" hits="4"/><line number="185" hits="0"/><line number="187" hits="2"/><line number="188" hits="2"/><line number="189" hits="2"/><line number="190" hits="2"/><line number="191" hits="2"/><line number="192" hits="2"/><line number="208" hits="0"/><line number="209" hits="0"/><line number="210" hits="0"/><line number="211" hits="0"/><line number="212" hits="0"/><line number="213" hits="0"/><line number="218" hits="2"/><line number="220" hits="2"/><line number="221" hits="2"/></lines></class><class name="fees" filename="masp_primitives/src/transaction/components/transparent/fees.rs" line-rate="0" branch-rate="0" complexity="0"><methods/><lines><line number="24" hits="0"/><line number="25" hits="0"/><line number="28" hits="0"/><line number="29" hits="0"/></lines></class></classes></package><package name="masp_primitives/src/transaction/fees" line-rate="0.5714285714285714" branch-rate="0" complexity="0"><classes><class name="fixed" filename="masp_primitives/src/transaction/fees/fixed.rs" line-rate="0.5714285714285714" branch-rate="0" complexity="0"><methods/><lines><line number="18" hits="0"/><line number="23" hits="6"/><line number="25" hits="6"/><line number="30" hits="0"/><line number="31" hits="0"/><line number="38" hits="6"/><line number="46" hits="6"/></lines></class></classes></package><package name="masp_proofs/src/sapling/verifier
[...]
ne number="189" hits="0"/><line number="190" hits="0"/><line number="191" hits="0"/><line number="192" hits="0"/><line number="194" hits="0"/><line number="203" hits="0"/><line number="204" hits="0"/><line number="205" hits="0"/><line number="212" hits="58"/><line number="213" hits="113"/><line number="214" hits="55"/><line number="215" hits="55"/><line number="216" hits="0"/><line number="217" hits="161"/><line number="218" hits="53"/><line number="220" hits="2"/><line number="229" hits="12"/><line number="230" hits="12"/><line number="239" hits="2"/><line number="240" hits="2"/><line number="241" hits="2"/><line number="250" hits="44"/><line number="251" hits="44"/><line number="252" hits="44"/><line number="259" hits="17"/><line number="260" hits="32"/><line number="261" hits="15"/><line number="262" hits="17"/><line number="263" hits="2"/><line number="264" hits="37"/><line number="265" hits="11"/><line number="267" hits="2"/><line number="276" hits="4"/><line number="277" hits="4"/><line number="284" hits="4"/><line number="285" hits="12"/><line number="286" hits="4"/><line number="288" hits="4"/><line number="297" hits="0"/><line number="298" hits="0"/><line number="299" hits="0"/><line number="308" hits="13"/><line number="309" hits="13"/><line number="310" hits="13"/><line number="315" hits="18"/><line number="316" hits="18"/><line number="329" hits="0"/><line number="330" hits="0"/><line number="332" hits="0"/><line number="333" hits="0"/><line number="337" hits="0"/><line number="338" hits="0"/><line number="345" hits="12"/><line number="346" hits="12"/><line number="349" hits="0"/><line number="350" hits="0"/><line number="360" hits="0"/><line number="361" hits="0"/><line number="362" hits="0"/><line number="366" hits="0"/><line number="367" hits="0"/><line number="368" hits="0"/><line number="372" hits="0"/><line number="373" hits="0"/><line number="374" hits="0"/></lines></class><class name="sapling" filename="masp_primitives/src/transaction/components/sapling.rs" line-rate="0.06808510638297872" branch-rate="0" complexity="0"><methods/><lines><line number="69" hits="0"/><line number="73" hits="0"/><line number="76" hits="0"/><line number="80" hits="0"/><line number="83" hits="0"/><line number="84" hits="0"/><line number="98" hits="0"/><line number="106" hits="0"/><line number="118" hits="0"/><line number="127" hits="0"/><line number="139" hits="0"/><line number="140" hits="0"/><line number="156" hits="0"/><line number="157" hits="0"/><line number="158" hits="0"/><line number="160" hits="0"/><line number="169" hits="0"/><line number="170" hits="0"/><line number="171" hits="0"/><line number="172" hits="0"/><line number="174" hits="0"/><line number="175" hits="0"/><line number="176" hits="0"/><line number="177" hits="0"/><line number="180" hits="0"/><line number="186" hits="0"/><line number="187" hits="0"/><line number="188" hits="0"/><line number="189" hits="0"/><line number="190" hits="0"/><line number="191" hits="0"/><line number="192" hits="0"/><line number="203" hits="0"/><line number="204" hits="0"/><line number="205" hits="0"/><line number="206" hits="0"/><line number="210" hits="0"/><line number="211" hits="0"/><line number="212" hits="0"/><line number="213" hits="0"/><line number="219" hits="0"/><line number="220" hits="0"/><line number="226" hits="0"/><line number="227" hits="0"/><line number="230" hits="0"/><line number="231" hits="0"/><line number="232" hits="0"/><line number="233" hits="0"/><line number="245" hits="0"/><line number="246" hits="0"/><line number="247" hits="0"/><line number="248" hits="0"/><line number="250" hits="0"/><line number="253" hits="0"/><line number="260" hits="0"/><line number="262" hits="0"/><line number="263" hits="0"/><line number="281" hits="0"/><line number="282" hits="0"/><line number="285" hits="0"/><line number="286" hits="0"/><line number="293" hits="217"/><line number="294" hits="217"/><line number="297" hits="191"/><line number="298" hits="191"/><line number="301" hits="187"/><line number="302" hits="187"/><line number="310" hits="0"/><line number="311" hits="0"/><line number="312" hits="0"/><line number="314" hits="0"/><line number="320" hits="0"/><line number="321" hits="0"/><line number="322" hits="0"/><line number="323" hits="0"/><line number="324" hits="0"/><line number="325" hits="0"/><line number="341" hits="0"/><line number="342" hits="0"/><line number="343" hits="0"/><line number="348" hits="0"/><line number="349" hits="0"/><line number="351" hits="0"/><line number="352" hits="0"/><line number="353" hits="0"/><line number="354" hits="0"/><line number="356" hits="0"/><line number="357" hits="0"/><line number="358" hits="0"/><line number="359" hits="0"/><line number="360" hits="0"/><line number="361" hits="0"/><line number="365" hits="0"/><line number="370" hits="0"/><line number="371" hits="0"/><line number="372" hits="0"/><line number="373" hits="0"/><line number="374" hits="0"/><line number="390" hits="53"/><line number="392" hits="53"/><line number="393" hits="53"/><line number="394" hits="53"/><line number="402" hits="53"/><line number="403" hits="53"/><line number="406" hits="53"/><line number="407" hits="53"/><line number="410" hits="53"/><line number="411" hits="53"/><line number="415" hits="0"/><line number="417" hits="0"/><line number="418" hits="0"/><line number="419" hits="0"/><line number="420" hits="0"/><line number="421" hits="0"/><line number="422" hits="0"/><line number="424" hits="0"/><line number="425" hits="0"/><line number="426" hits="0"/><line number="427" hits="0"/><line number="428" hits="0"/><line number="429" hits="0"/><line number="430" hits="0"/><line number="435" hits="0"/><line number="439" hits="0"/><line number="440" hits="0"/><line number="441" hits="0"/><line number="442" hits="0"/><line number="443" hits="0"/><line number="444" hits="0"/><line number="455" hits="0"/><line number="457" hits="0"/><line number="458" hits="0"/><line number="459" hits="0"/><line number="461" hits="0"/><line number="462" hits="0"/><line number="463" hits="0"/><line number="464" hits="0"/><line number="470" hits="0"/><line number="474" hits="0"/><line number="475" hits="0"/><line number="476" hits="0"/><line number="480" hits="0"/><line number="481" hits="0"/><line number="482" hits="0"/><line number="484" hits="0"/><line number="490" hits="0"/><line number="491" hits="0"/><line number="501" hits="0"/><line number="506" hits="0"/><line number="508" hits="0"/><line number="510" hits="0"/><line number="516" hits="0"/><line number="548" hits="0"/><line number="549" hits="0"/><line number="550" hits="0"/><line number="551" hits="0"/><line number="552" hits="0"/><line number="556" hits="0"/><line number="559" hits="0"/><line number="560" hits="0"/><line number="561" hits="0"/><line number="562" hits="0"/><line number="563" hits="0"/><line number="564" hits="0"/><line number="565" hits="0"/><line number="566" hits="0"/><line number="567" hits="0"/><line number="568" hits="0"/><line number="569" hits="0"/><line number="570" hits="0"/><line number="571" hits="0"/><line number="572" hits="0"/><line number="573" hits="0"/><line number="574" hits="0"/><line number="575" hits="0"/><line number="576" hits="0"/><line number="577" hits="0"/><line number="578" hits="0"/><line number="579" hits="0"/><line number="580" hits="0"/><line number="585" hits="0"/><line number="588" hits="0"/><line number="589" hits="0"/><line number="590" hits="0"/><line number="591" hits="0"/><line number="592" hits="0"/><line number="593" hits="0"/><line number="594" hits="0"/><line number="595" hits="0"/><line number="596" hits="0"/><line number="597" hits="0"/><line number="598" hits="0"/><line number="599" hits="0"/><line number="600" hits="0"/><line number="601" hits="0"/><line number="602" hits="0"/><line number="603" hits="0"/><line number="604" hits="0"/><line number="605" hits="0"/><line number="606" hits="0"/><line number="607" hits="0"/><line number="612" hits="0"/><line number="614" hits="0"/><line number="615" hits="0"/><line number="616" hits="0"/><line number="617" hits="0"/><line number="618" hits="0"/><line number="619" hits="0"/><line number="620" hits="0"/><line number="621" hits="0"/><line number="622" hits="0"/><line number="624" hits="0"/><line number="625" hits="0"/><line number="627" hits="0"/><line number="628" hits="0"/><line number="629" hits="0"/><line number="630" hits="0"/><line number="631" hits="0"/><line number="632" hits="0"/><line number="633" hits="0"/><line number="640" hits="0"/><line number="643" hits="0"/><line number="646" hits="0"/><line number="649" hits="0"/><line number="650" hits="0"/><line number="651" hits="0"/><line number="652" hits="0"/><line number="653" hits="0"/><line number="654" hits="0"/><line number="655" hits="0"/><line number="656" hits="0"/><line number="657" hits="0"/><line number="658" hits="0"/><line number="659" hits="0"/><line number="660" hits="0"/></lines></class><class name="transparent" filename="masp_primitives/src/transaction/components/transparent.rs" line-rate="0.034482758620689655" branch-rate="0" complexity="0"><methods/><lines><line number="38" hits="0"/><line number="40" hits="0"/><line number="41" hits="0"/><line number="42" hits="0"/><line number="51" hits="0"/><line number="55" hits="0"/><line number="56" hits="0"/><line number="58" hits="0"/><line number="59" hits="0"/><line number="60" hits="0"/><line number="62" hits="0"/><line number="66" hits="0"/><line number="68" hits="0"/><line number="69" hits="0"/><line number="71" hits="0"/><line number="72" hits="0"/><line number="73" hits="0"/><line number="75" hits="0"/><line number="79" hits="0"/><line number="82" hits="0"/><line number="93" hits="0"/><line number="94" hits="0"/><line number="95" hits="0"/><line number="96" hits="0"/><line number="97" hits="0"/><line number="99" hits="0"/><line number="100" hits="0"/><line number="101" hits="0"/><line number="102" hits="0"/><line number="103" hits="0"/><line number="105" hits="0"/><line number="106" hits="0"/><line number="107" hits="0"/><line number="108" hits="0"/><line number="112" hits="0"/><line number="115" hits="0"/><line number="116" hits="0"/><line number="117" hits="0"/><line number="129" hits="0"/><line number="130" hits="0"/><line number="131" hits="0"/><line number="132" hits="0"/><line number="133" hits="0"/><line number="135" hits="0"/><line number="136" hits="0"/><line number="137" hits="0"/><line number="138" hits="0"/><line number="139" hits="0"/><line number="141" hits="0"/><line number="142" hits="0"/><line number="143" hits="0"/><line number="144" hits="0"/><line number="148" hits="0"/><line number="149" hits="0"/><line number="150" hits="0"/><line number="151" hits="0"/><line number="153" hits="0"/><line number="154" hits="0"/><line number="155" hits="0"/><line number="156" hits="0"/><line number="160" hits="0"/><line number="161" hits="2"/><line number="162" hits="2"/><line number="163" hits="2"/><line number="166" hits="0"/><line number="167" hits="0"/><line number="172" hits="0"/><line number="173" hits="0"/><line number="178" hits="0"/><line number="179" hits="0"/><line number="192" hits="0"/><line number="193" hits="0"/><line number="194" hits="0"/><line number="195" hits="0"/><line number="199" hits="0"/><line number="200" hits="0"/><line number="201" hits="0"/><line number="202" hits="0"/><line number="203" hits="0"/><line number="205" hits="0"/><line number="209" hits="0"/><line number="211" hits="0"/><line number="212" hits="0"/><line number="213" hits="0"/><line number="214" hits="0"/><line number="215" hits="0"/><line number="217" hits="0"/></lines></class></classes></package><package name="masp_primitives/src/test_vectors" line-rate="0" branch-rate="0" complexity="0"><classes></classes></package><package name="masp_proofs/target/rls/debug/build/crunchy-482528201a04c139/out" line-rate="0" branch-rate="0" complexity="0"><classes></classes></package><package name="masp_proofs/src/sapling" line-rate="0" branch-rate="0" complexity="0"><classes><class name="mod" filename="masp_proofs/src/sapling/mod.rs" line-rate="0" branch-rate="0" complexity="0"><methods/><lines><line number="12" hits="0"/><line number="15" hits="0"/><line number="16" hits="0"/><line number="17" hits="0"/><line number="21" hits="0"/><line number="23" hits="0"/><line number="24" hits="0"/><line number="26" hits="0"/><line number="27" hits="0"/><line number="28" hits="0"/><line number="32" hits="0"/></lines></class><class name="prover" filename="masp_proofs/src/sapling/prover.rs" line-rate="0" branch-rate="0" complexity="0"><methods/><lines><line number="33" hits="0"/><line number="34" hits="0"/><line number="40" hits="0"/><line number="42" hits="0"/><line number="43" hits="0"/><line number="51" hits="0"/><line number="64" hits="0"/><line number="65" hits="0"/><line number="67" hits="0"/><line number="68" hits="0"/><line number="70" hits="0"/><line number="72" hits="0"/><line number="73" hits="0"/><line number="75" hits="0"/><line number="76" hits="0"/><line number="79" hits="0"/><line number="80" hits="0"/><line number="82" hits="0"/><line number="83" hits="0"/><line number="86" hits="0"/><line number="89" hits="0"/><line number="91" hits="0"/><line number="95" hits="0"/><line number="96" hits="0"/><line number="100" hits="0"/><line number="102" hits="0"/><line number="104" hits="0"/><line number="105" hits="0"/><line number="106" hits="0"/><line number="107" hits="0"/><line number="108" hits="0"/><line number="109" hits="0"/><line number="114" hits="0"/><line number="117" hits="0"/><line number="118" hits="0"/><line number="119" hits="0"/><line number="121" hits="0"/><line number="122" hits="0"/><line number="123" hits="0"/><line number="125" hits="0"/><line number="126" hits="0"/><line number="127" hits="0"/><line number="128" hits="0"/><line number="131" hits="0"/><line number="132" hits="0"/><line number="133" hits="0"/><line number="134" hits="0"/><line number="136" hits="0"/><line number="138" hits="0"/><line number="140" hits="0"/><line number="141" hits="0"/><line number="143" hits="0"/><line number="145" hits="0"/><line number="146" hits="0"/><line number="149" hits="0"/><line number="150" hits="0"/><line number="153" hits="0"/><line number="155" hits="0"/><line number="156" hits="0"/><line number="158" hits="0"/><line number="164" hits="0"/><line number="173" hits="0"/><line number="174" hits="0"/><line number="176" hits="0"/><line number="177" hits="0"/><line number="178" hits="0"/><line number="179" hits="0"/><line number="181" hits="0"/><line number="183" hits="0"/><line number="184" hits="0"/><line number="186" hits="0"/><line number="187" hits="0"/><line number="190" hits="0"/><line number="191" hits="0"/><line number="193" hits="0"/><line number="194" hits="0"/><line number="196" hits="0"/><line number="198" hits="0"/><line number="199" hits="0"/><line number="200" hits="0"/><line number="201" hits="0"/><line number="202" hits="0"/><line number="205" hits="0"/><line number="206" hits="0"/><line number="207" hits="0"/><line number="209" hits="0"/><line number="210" hits="0"/><line number="212" hits="0"/><line number="218" hits="0"/><line number="227" hits="0"/><line number="228" hits="0"/><line number="230" hits="0"/><line number="231" hits="0"/><line number="233" hits="0"/><line number="235" hits="0"/><line number="236" hits="0"/><line number="238" hits="0"/><line number="239" hits="0"/><line number="242" hits="0"/><line number="243" hits="0"/><line number="245" hits="0"/><line number="247" hits="0"/><line number="248" hits="0"/><line number="253" hits="0"/><line number="256" hits="0"/><line number="257" hits="0"/><line number="258" hits="0"/><line number="260" hits="0"/><line number="261" hits="0"/><line number="262" hits="0"/><line number="264" hits="0"/><line number="265" hits="0"/><line number="266" hits="0"/><line number="267" hits="0"/><line number="269" hits="0"/><line number="271" hits="0"/><line number="272" hits="0"/><line number="275" hits="0"/><line number="277" hits="0"/><line number="278" hits="0"/><line number="280" hits="0"/><line number="285" hits="0"/><line number="290" hits="0"/><line number="291" hits="0"/><line number="293" hits="0"/><line number="294" hits="0"/><line number="296" hits="0"/><line number="297" hits="0"/><line number="303" hits="0"/><line number="305" hits="0"/><line number="306" hits="0"/><line number="307" hits="0"/><line number="308" hits="0"/><line number="310" hits="0"/><line number="311" hits="0"/><line number="312" hits="0"/><line number="316" hits="0"/><line number="317" hits="0"/><line number="321" hits="0"/><line number="322" hits="0"/><line number="323" hits="0"/><line number="324" hits="0"/><line number="326" hits="0"/><line number="327" hits="0"/><line number="328" hits="0"/><line number="329" hits="0"/><line number="330" hits="0"/></lines></class><class name="verifier" filename="masp_proofs/src/sapling/verifier.rs" line-rate="0" branch-rate="0" complexity="0"><methods/><lines><line number="27" hits="0"/><line number="29" hits="0"/><line number="36" hits="0"/><line number="49" hits="0"/><line number="50" hits="0"/><line number="53" hits="0"/><line number="54" hits="0"/><line number="56" hits="0"/><line number="57" hits="0"/><line number="59" hits="0"/><line number="60" hits="0"/><line number="61" hits="0"/><line number="62" hits="0"/><line number="64" hits="0"/><line number="65" hits="0"/><line number="66" hits="0"/><line number="67" hits="0"/><line number="70" hits="0"/><line number="71" hits="0"/><line number="73" hits="0"/><line number="74" hits="0"/><line number="75" hits="0"/><line number="76" hits="0"/><line number="79" hits="0"/><line number="80" hits="0"/><line number="81" hits="0"/><line number="82" hits="0"/><line number="84" hits="0"/><line number="86" hits="0"/><line number="88" hits="0"/><line number="89" hits="0"/><line number="91" hits="0"/><line number="93" hits="0"/><line number="94" hits="0"/><line number="97" hits="0"/><line number="98" hits="0"/><line number="104" hits="0"/><line number="112" hits="0"/><line number="113" hits="0"/><line number="116" hits="0"/><line number="117" hits="0"/><line number="119" hits="0"/><line number="120" hits="0"/><line number="122" hits="0"/><line number="123" hits="0"/><line number="124" hits="0"/><line number="125" hits="0"/><line number="127" hits="0"/><line number="129" hits="0"/><line number="130" hits="0"/><line number="135" hits="0"/><line number="143" hits="0"/><line number="144" hits="0"/><line number="147" hits="0"/><line number="148" hits="0"/><line number="150" hits="0"/><line number="151" hits="0"/><line number="153" hits="0"/><line number="154" hits="0"/><line number="155" hits="0"/><line number="156" hits="0"/><line number="159" hits="0"/><line number="160" hits="0"/><line number="161" hits="0"/><line number="162" hits="0"/><line number="164" hits="0"/><line number="166" hits="0"/><line number="167" hits="0"/><line number="173" hits="0"/><line number="180" hits="0"/><line number="181" hits="0"/><line number="183" hits="0"/><line number="184" hits="0"/><line number="186" hits="0"/><line number="187" hits="0"/><line number="188" hits="0"/><line number="189" hits="0"/><line number="193" hits="0"/><line number="194" hits="0"/><line number="195" hits="0"/><line number="196" hits="0"/><line number="198" hits="0"/><line number="202" hits="0"/><line number="203" hits="0"/><line number="204" hits="0"/><line number="206" hits="0"/><line number="207" hits="0"/></lines></class></classes></package><package name="masp_primitives/target/rls/debug/build/num-bigint-319dd135b15c4784/out" line-rate="0" branch-rate="0" complexity="0"><classes></classes></package><package name="masp_proofs/target/rls/debug/build/num-bigint-319dd135b15c4784/out" line-rate="0" branch-rate="0" complexity="0"><classes></classes></package><package name="masp_primitives/target/rls/debug/build/crunchy-e528d28bb9dad77b/out" line-rate="0" branch-rate="0" complexity="0"><classes></classes></package></packages></coverage>